<?xml version="1.0" encoding="UTF-8"?>
<testng-results ignored="0" total="3" passed="3" failed="0" skipped="0">
  <reporter-output>
  </reporter-output>
  <suite started-at="2024-08-29T10:11:30 IST" name="Suite" finished-at="2024-08-29T10:12:32 IST" duration-ms="61695">
    <groups>
    </groups>
    <test started-at="2024-08-29T10:11:30 IST" name="chrome browser testing" finished-at="2024-08-29T10:11:41 IST" duration-ms="10725">
      <class name="day3.CBT">
        <test-method signature="Open_Web_Browser(java.lang.String)[pri:0, instance:day3.CBT@3349e9bb]" started-at="2024-08-29T10:11:30 IST" name="Open_Web_Browser" finished-at="2024-08-29T10:11:41 IST" duration-ms="10655" status="PASS">
          <params>
            <param index="0">
              <value>
                <![CDATA[Chrome]]>
              </value>
            </param>
          </params>
          <reporter-output>
          </reporter-output>
        </test-method> <!-- Open_Web_Browser -->
      </class> <!-- day3.CBT -->
    </test> <!-- chrome browser testing -->
    <test started-at="2024-08-29T10:11:41 IST" name="firefox browser testing" finished-at="2024-08-29T10:12:21 IST" duration-ms="40469">
      <class name="day3.CBT">
        <test-method signature="Open_Web_Browser(java.lang.String)[pri:0, instance:day3.CBT@10683d9d]" started-at="2024-08-29T10:11:41 IST" name="Open_Web_Browser" finished-at="2024-08-29T10:12:21 IST" duration-ms="40461" status="PASS">
          <params>
            <param index="0">
              <value>
                <![CDATA[firefox]]>
              </value>
            </param>
          </params>
          <reporter-output>
          </reporter-output>
        </test-method> <!-- Open_Web_Browser -->
      </class> <!-- day3.CBT -->
    </test> <!-- firefox browser testing -->
    <test started-at="2024-08-29T10:12:21 IST" name="edge browser testing" finished-at="2024-08-29T10:12:32 IST" duration-ms="10419">
      <class name="day3.CBT">
        <test-method signature="Open_Web_Browser(java.lang.String)[pri:0, instance:day3.CBT@5aa9e4eb]" started-at="2024-08-29T10:12:21 IST" name="Open_Web_Browser" finished-at="2024-08-29T10:12:32 IST" duration-ms="10412" status="PASS">
          <params>
            <param index="0">
              <value>
                <![CDATA[edge]]>
              </value>
            </param>
          </params>
          <reporter-output>
          </reporter-output>
        </test-method> <!-- Open_Web_Browser -->
      </class> <!-- day3.CBT -->
    </test> <!-- edge browser testing -->
  </suite> <!-- Suite -->
</testng-results>
